{"level":"info","message":"lucas","timestamp":"2022-03-28 01:26:13.770 PM"}
{"level":"info","message":"mail bien envoyé","timestamp":"2022-03-28 01:26:16.714 PM"}
{"level":"info","message":"DSFSDF","timestamp":"2022-03-28 01:41:25.611 PM"}
{"level":"info","message":"mail bien envoyé","timestamp":"2022-03-28 01:41:28.146 PM"}
{"level":"info","message":"celine","timestamp":"2022-03-28 06:01:31.561 PM"}
{"level":"info","message":"mail bien envoyé","timestamp":"2022-03-28 06:01:34.311 PM"}
{"level":"info","message":"lucas","timestamp":"2022-03-29 10:12:58.567 AM"}
{"level":"info","message":"mail bien envoyé","timestamp":"2022-03-29 10:13:01.566 AM"}
{"level":"info","message":"testdelafin","timestamp":"2022-03-29 02:36:17.146 PM"}
{"level":"info","message":"mail bien envoyé","timestamp":"2022-03-29 02:36:21.326 PM"}
{"level":"info","message":"lucas","timestamp":"2022-03-29 02:47:48.984 PM"}
{"level":"info","message":"mail bien envoyé","timestamp":"2022-03-29 02:47:52.136 PM"}
{"level":"info","message":"bloopbloop","timestamp":"2022-04-01 02:43:09.964 PM"}
{"level":"info","message":"mail bien envoyé","timestamp":"2022-04-01 02:43:12.188 PM"}
{"level":"info","message":"fs","timestamp":"2022-04-01 02:43:35.100 PM"}
{"level":"info","message":"mail bien envoyé","timestamp":"2022-04-01 02:43:37.556 PM"}
{"level":"info","message":"sfdftg","timestamp":"2022-04-01 02:44:03.947 PM"}
{"level":"info","message":"mail bien envoyé","timestamp":"2022-04-01 02:44:06.252 PM"}
{"level":"info","message":"dqdq","timestamp":"2022-04-01 02:48:56.378 PM"}
{"level":"info","message":"mail bien envoyé","timestamp":"2022-04-01 02:49:01.026 PM"}
